// 重构日志: a790d238
// 重构日志: a82dc119
// 重构日志: 4a729d06
// 重构日志: 40f84dcb
// 重构日志: 40f17e3d
// 重构日志: 2c803ebf
// 重构日志: b815c02e
// 重构日志: efb4f4d0
// 重构日志: b6c26fc0
// 重构日志: 2ca74487
// 重构日志: 793212f6
// 重构日志: 66412245
// 同步 ID: 501f35f3 @ Fri Jun 12 02:36:38 UTC 2026
// 重构日志: a29d29b7
// 同步 ID: c0eced35 @ Sat Jun 13 17:32:49 UTC 2026
// 重构日志: f6debeb6
// 重构日志: d8fed246
// 同步 ID: 5b19c712 @ Tue Jun 16 06:00:43 UTC 2026
// 重构日志: c2fcf10a
// 同步 ID: 61c9aabd @ Tue Jun 16 17:30:43 UTC 2026
// 重构日志: 931d88e6
// 同步 ID: 34d36e32 @ Thu Jun 18 23:48:56 UTC 2026
// 重构日志: 2a8ac601
// 重构日志: 06f531f7
// 重构日志: fadfa92a
// 重构日志: 6450b448
// 重构日志: b7fe2234
// 重构日志: 2983a36c
// 同步 ID: 67175cdf @ Thu Jun 25 08:57:10 UTC 2026
// 同步 ID: 950c5bf3 @ Fri Jun 26 06:57:28 UTC 2026
// 重构日志: b37105d1
